The system is: Windows - 10.0.17134 - AMD64
Compiling the C compiler identification source file "CMakeCCompilerId.c" succeeded.
Compiler: C:/Program Files (x86)/Microsoft Visual Studio/2017/Enterprise/VC/Tools/MSVC/14.14.26428/bin/Hostx86/x86/cl.exe 
Build flags: 
Id flags: -c 

The output was:
0
Microsoft (R) Kompilator optymalizuj¥cy C/C++, wersja 19.14.26428.1 dla architektury x86
Copyright (C) Microsoft Corporation. Wszystkie prawa zastrze¾one.

CMakeCCompilerId.c


Compilation of the C compiler identification source "CMakeCCompilerId.c" produced "CMakeCCompilerId.obj"

The C compiler identification is MSVC, found in "C:/Users/morwi/Desktop/Grk/cmake-build-debug/CMakeFiles/3.10.3/CompilerIdC/CMakeCCompilerId.obj"

Compiling the CXX compiler identification source file "CMakeCXXCompilerId.cpp" succeeded.
Compiler: C:/Program Files (x86)/Microsoft Visual Studio/2017/Enterprise/VC/Tools/MSVC/14.14.26428/bin/Hostx86/x86/cl.exe 
Build flags: 
Id flags: -c 

The output was:
0
Microsoft (R) Kompilator optymalizuj¥cy C/C++, wersja 19.14.26428.1 dla architektury x86
Copyright (C) Microsoft Corporation. Wszystkie prawa zastrze¾one.

CMakeCXXCompilerId.cpp


Compilation of the CXX compiler identification source "CMakeCXXCompilerId.cpp" produced "CMakeCXXCompilerId.obj"

The CXX compiler identification is MSVC, found in "C:/Users/morwi/Desktop/Grk/cmake-build-debug/CMakeFiles/3.10.3/CompilerIdCXX/CMakeCXXCompilerId.obj"

