Compiling the C compiler identification source file "CMakeCCompilerId.c" failed.
Compiler: C:/Program Files (x86)/Microsoft Visual Studio/2017/Enterprise/VC/Tools/MSVC/14.14.26428/bin/Hostx86/x86/cl.exe 
Build flags: 
Id flags:  

The output was:
2
Microsoft (R) Kompilator optymalizuj•cy C/C++, wersja 19.14.26428.1 dla architektury x86
Copyright (C) Microsoft Corporation. Wszystkie prawa zastrzeæone.

CMakeCCompilerId.c
Microsoft (R) Incremental Linker Version 14.14.26428.1
Copyright (C) Microsoft Corporation.  All rights reserved.

/out:CMakeCCompilerId.exe 
CMakeCCompilerId.obj 
LINK : fatal error LNK1104: nie moøna otworzyÊ pliku Ñkernel32.libî


Compiling the CXX compiler identification source file "CMakeCXXCompilerId.cpp" failed.
Compiler: C:/Program Files (x86)/Microsoft Visual Studio/2017/Enterprise/VC/Tools/MSVC/14.14.26428/bin/Hostx86/x86/cl.exe 
Build flags: 
Id flags:  

The output was:
2
Microsoft (R) Kompilator optymalizuj•cy C/C++, wersja 19.14.26428.1 dla architektury x86
Copyright (C) Microsoft Corporation. Wszystkie prawa zastrzeæone.

CMakeCXXCompilerId.cpp
Microsoft (R) Incremental Linker Version 14.14.26428.1
Copyright (C) Microsoft Corporation.  All rights reserved.

/out:CMakeCXXCompilerId.exe 
CMakeCXXCompilerId.obj 
LINK : fatal error LNK1104: nie moøna otworzyÊ pliku Ñkernel32.libî


Determining if the C compiler works failed with the following output:
Change Dir: C:/Users/morwi/Desktop/Grk/cmake-build-release/CMakeFiles/CMakeTmp

Run Build Command:"nmake" "/NOLOGO" "cmTC_c7c9a\fast"
	"C:\Program Files (x86)\Microsoft Visual Studio\2017\Enterprise\VC\Tools\MSVC\14.14.26428\bin\HostX86\x86\nmake.exe" -f CMakeFiles\cmTC_c7c9a.dir\build.make /nologo -L                  CMakeFiles\cmTC_c7c9a.dir\build
Building C object CMakeFiles/cmTC_c7c9a.dir/testCCompiler.c.obj
	C:\PROGRA~2\MIB055~1\2017\ENTERP~1\VC\Tools\MSVC\1414~1.264\bin\Hostx86\x86\cl.exe @C:\Users\morwi\AppData\Local\Temp\nmB8ED.tmp
testCCompiler.c
Linking C executable cmTC_c7c9a.exe
	"C:\Program Files\JetBrains\CLion 2018.1.5\bin\cmake\bin\cmake.exe" -E vs_link_exe --intdir=CMakeFiles\cmTC_c7c9a.dir --manifests  -- C:\PROGRA~2\MIB055~1\2017\ENTERP~1\VC\Tools\MSVC\1414~1.264\bin\Hostx86\x86\link.exe /nologo @CMakeFiles\cmTC_c7c9a.dir\objects1.rsp @C:\Users\morwi\AppData\Local\Temp\nmB9BA.tmp
RC Pass 1: command "rc /foCMakeFiles\cmTC_c7c9a.dir/manifest.res CMakeFiles\cmTC_c7c9a.dir/manifest.rc" failed (exit code 0) with the following output:
Nie mo‚îº‚ïùna odnale‚îº‚ïë‚îÄ√ß okre‚îº≈§lonego plikuNMAKE : fatal error U1077: √§"C:\Program Files\JetBrains\CLion 2018.1.5\bin\cmake\bin\cmake.exe"√∂: kod powrotu √§0xffffffff√∂
Stop.
NMAKE : fatal error U1077: √§"C:\Program Files (x86)\Microsoft Visual Studio\2017\Enterprise\VC\Tools\MSVC\14.14.26428\bin\HostX86\x86\nmake.exe"√∂: kod powrotu √§0x2√∂
Stop.


